[0.398s] Invoking command in '/home/sekiguchi/dir/ros2/ros2_ws/src/mypkg': PYTHONPATH=/home/sekiguchi/dir/ros2/ros2_ws/src/mypkg/build/mypkg/prefix_override:/usr/lib/python3/dist-packages/colcon_core/task/python/colcon_distutils_commands:/home/sekiguchi/dir/ros2/ros2_ws/src/mypkg/install/mypkg/lib/python3.8/site-packages:${PYTHONPATH} /usr/bin/python3 -W ignore:setup.py install is deprecated setup.py egg_info --egg-base build/mypkg build --build-base /home/sekiguchi/dir/ros2/ros2_ws/src/mypkg/build/mypkg/build install --record /home/sekiguchi/dir/ros2/ros2_ws/src/mypkg/build/mypkg/install.log --install-scripts $base/lib/mypkg --single-version-externally-managed install_data
[0.513s] running egg_info
[0.514s] creating build/mypkg/mypkg.egg-info
[0.514s] writing build/mypkg/mypkg.egg-info/PKG-INFO
[0.514s] writing dependency_links to build/mypkg/mypkg.egg-info/dependency_links.txt
[0.514s] writing entry points to build/mypkg/mypkg.egg-info/entry_points.txt
[0.514s] writing requirements to build/mypkg/mypkg.egg-info/requires.txt
[0.514s] writing top-level names to build/mypkg/mypkg.egg-info/top_level.txt
[0.515s] writing manifest file 'build/mypkg/mypkg.egg-info/SOURCES.txt'
[0.533s] reading manifest file 'build/mypkg/mypkg.egg-info/SOURCES.txt'
[0.533s] writing manifest file 'build/mypkg/mypkg.egg-info/SOURCES.txt'
[0.533s] running build
[0.533s] running build_py
[0.533s] creating /home/sekiguchi/dir/ros2/ros2_ws/src/mypkg/build/mypkg/build
[0.534s] creating /home/sekiguchi/dir/ros2/ros2_ws/src/mypkg/build/mypkg/build/lib
[0.534s] creating /home/sekiguchi/dir/ros2/ros2_ws/src/mypkg/build/mypkg/build/lib/mypkg
[0.534s] copying mypkg/__init__.py -> /home/sekiguchi/dir/ros2/ros2_ws/src/mypkg/build/mypkg/build/lib/mypkg
[0.534s] running install
[0.534s] running install_lib
[0.535s] creating /home/sekiguchi/dir/ros2/ros2_ws/src/mypkg/install/mypkg/lib/python3.8/site-packages/mypkg
[0.535s] copying /home/sekiguchi/dir/ros2/ros2_ws/src/mypkg/build/mypkg/build/lib/mypkg/__init__.py -> /home/sekiguchi/dir/ros2/ros2_ws/src/mypkg/install/mypkg/lib/python3.8/site-packages/mypkg
[0.535s] byte-compiling /home/sekiguchi/dir/ros2/ros2_ws/src/mypkg/install/mypkg/lib/python3.8/site-packages/mypkg/__init__.py to __init__.cpython-38.pyc
[0.536s] running install_data
[0.536s] creating /home/sekiguchi/dir/ros2/ros2_ws/src/mypkg/install/mypkg/share/ament_index
[0.536s] creating /home/sekiguchi/dir/ros2/ros2_ws/src/mypkg/install/mypkg/share/ament_index/resource_index
[0.536s] creating /home/sekiguchi/dir/ros2/ros2_ws/src/mypkg/install/mypkg/share/ament_index/resource_index/packages
[0.536s] copying resource/mypkg -> /home/sekiguchi/dir/ros2/ros2_ws/src/mypkg/install/mypkg/share/ament_index/resource_index/packages
[0.537s] copying package.xml -> /home/sekiguchi/dir/ros2/ros2_ws/src/mypkg/install/mypkg/share/mypkg
[0.537s] running install_egg_info
[0.538s] Copying build/mypkg/mypkg.egg-info to /home/sekiguchi/dir/ros2/ros2_ws/src/mypkg/install/mypkg/lib/python3.8/site-packages/mypkg-0.0.0-py3.8.egg-info
[0.538s] running install_scripts
[0.549s] Installing talker script to /home/sekiguchi/dir/ros2/ros2_ws/src/mypkg/install/mypkg/lib/mypkg
[0.550s] writing list of installed files to '/home/sekiguchi/dir/ros2/ros2_ws/src/mypkg/build/mypkg/install.log'
[0.565s] Invoked command in '/home/sekiguchi/dir/ros2/ros2_ws/src/mypkg' returned '0': PYTHONPATH=/home/sekiguchi/dir/ros2/ros2_ws/src/mypkg/build/mypkg/prefix_override:/usr/lib/python3/dist-packages/colcon_core/task/python/colcon_distutils_commands:/home/sekiguchi/dir/ros2/ros2_ws/src/mypkg/install/mypkg/lib/python3.8/site-packages:${PYTHONPATH} /usr/bin/python3 -W ignore:setup.py install is deprecated setup.py egg_info --egg-base build/mypkg build --build-base /home/sekiguchi/dir/ros2/ros2_ws/src/mypkg/build/mypkg/build install --record /home/sekiguchi/dir/ros2/ros2_ws/src/mypkg/build/mypkg/install.log --install-scripts $base/lib/mypkg --single-version-externally-managed install_data
