[0.331s] Invoking command in '/home/sekiguchi/dir/ros2/ros2_ws/src/mypkg': PYTHONPATH=/home/sekiguchi/dir/ros2/ros2_ws/src/mypkg/build/mypkg/prefix_override:/usr/lib/python3/dist-packages/colcon_core/task/python/colcon_distutils_commands:/home/sekiguchi/dir/ros2/ros2_ws/src/mypkg/install/mypkg/lib/python3.8/site-packages:${PYTHONPATH} /usr/bin/python3 -W ignore:setup.py install is deprecated setup.py egg_info --egg-base build/mypkg build --build-base /home/sekiguchi/dir/ros2/ros2_ws/src/mypkg/build/mypkg/build install --record /home/sekiguchi/dir/ros2/ros2_ws/src/mypkg/build/mypkg/install.log --install-scripts $base/lib/mypkg --single-version-externally-managed install_data
[0.437s] running egg_info
[0.438s] writing build/mypkg/mypkg.egg-info/PKG-INFO
[0.438s] writing dependency_links to build/mypkg/mypkg.egg-info/dependency_links.txt
[0.438s] writing entry points to build/mypkg/mypkg.egg-info/entry_points.txt
[0.438s] writing requirements to build/mypkg/mypkg.egg-info/requires.txt
[0.438s] writing top-level names to build/mypkg/mypkg.egg-info/top_level.txt
[0.456s] reading manifest file 'build/mypkg/mypkg.egg-info/SOURCES.txt'
[0.457s] writing manifest file 'build/mypkg/mypkg.egg-info/SOURCES.txt'
[0.457s] running build
[0.457s] running build_py
[0.457s] copying mypkg/talker.py -> /home/sekiguchi/dir/ros2/ros2_ws/src/mypkg/build/mypkg/build/lib/mypkg
[0.457s] running install
[0.457s] running install_lib
[0.458s] copying /home/sekiguchi/dir/ros2/ros2_ws/src/mypkg/build/mypkg/build/lib/mypkg/talker.py -> /home/sekiguchi/dir/ros2/ros2_ws/src/mypkg/install/mypkg/lib/python3.8/site-packages/mypkg
[0.458s] byte-compiling /home/sekiguchi/dir/ros2/ros2_ws/src/mypkg/install/mypkg/lib/python3.8/site-packages/mypkg/talker.py to talker.cpython-38.pyc
[0.459s] running install_data
[0.459s] copying package.xml -> /home/sekiguchi/dir/ros2/ros2_ws/src/mypkg/install/mypkg/share/mypkg
[0.459s] running install_egg_info
[0.460s] removing '/home/sekiguchi/dir/ros2/ros2_ws/src/mypkg/install/mypkg/lib/python3.8/site-packages/mypkg-0.0.0-py3.8.egg-info' (and everything under it)
[0.460s] Copying build/mypkg/mypkg.egg-info to /home/sekiguchi/dir/ros2/ros2_ws/src/mypkg/install/mypkg/lib/python3.8/site-packages/mypkg-0.0.0-py3.8.egg-info
[0.461s] running install_scripts
[0.471s] Installing talker script to /home/sekiguchi/dir/ros2/ros2_ws/src/mypkg/install/mypkg/lib/mypkg
[0.471s] writing list of installed files to '/home/sekiguchi/dir/ros2/ros2_ws/src/mypkg/build/mypkg/install.log'
[0.483s] Invoked command in '/home/sekiguchi/dir/ros2/ros2_ws/src/mypkg' returned '0': PYTHONPATH=/home/sekiguchi/dir/ros2/ros2_ws/src/mypkg/build/mypkg/prefix_override:/usr/lib/python3/dist-packages/colcon_core/task/python/colcon_distutils_commands:/home/sekiguchi/dir/ros2/ros2_ws/src/mypkg/install/mypkg/lib/python3.8/site-packages:${PYTHONPATH} /usr/bin/python3 -W ignore:setup.py install is deprecated setup.py egg_info --egg-base build/mypkg build --build-base /home/sekiguchi/dir/ros2/ros2_ws/src/mypkg/build/mypkg/build install --record /home/sekiguchi/dir/ros2/ros2_ws/src/mypkg/build/mypkg/install.log --install-scripts $base/lib/mypkg --single-version-externally-managed install_data
